2026-03-26 21:01:54 | [31m[1mWARNING: This is a development server. Do not use it in a production deployment. Use a production WSGI server instead.[0m
 * Running on http://127.0.0.1:5000
2026-03-26 21:01:54 | [33mPress CTRL+C to quit[0m
2026-03-26 21:01:54 |  * Restarting with watchdog (windowsapi)
2026-03-26 21:02:01 |  * Debugger is active!
2026-03-26 21:02:01 |  * Debugger PIN: 111-128-687
2026-03-26 21:03:38 |  * Detected change in 'C:\\Users\\DELL\\AppData\\Local\\Programs\\Python\\Python310\\Lib\\warnings.py', reloading
2026-03-26 21:03:39 |  * Restarting with watchdog (windowsapi)
2026-03-26 21:03:46 |  * Debugger is active!
2026-03-26 21:03:46 |  * Debugger PIN: 111-128-687
2026-03-26 21:05:14 | [31m[1mWARNING: This is a development server. Do not use it in a production deployment. Use a production WSGI server instead.[0m
 * Running on http://127.0.0.1:5000
2026-03-26 21:05:14 | [33mPress CTRL+C to quit[0m
2026-03-26 21:05:14 |  * Restarting with watchdog (windowsapi)
2026-03-26 21:05:21 |  * Debugger is active!
2026-03-26 21:05:21 |  * Debugger PIN: 111-128-687
2026-03-26 21:07:31 |  * Detected change in 'C:\\Users\\DELL\\Desktop\\Phishing_URL\\evaluate_model.py', reloading
2026-03-26 21:07:32 |  * Restarting with watchdog (windowsapi)
2026-03-26 21:07:42 |  * Debugger is active!
2026-03-26 21:07:42 |  * Debugger PIN: 111-128-687
